<?xml version="1.0" encoding="UTF-8"?>
<testng-results ignored="0" total="1" passed="1" failed="0" skipped="0">
  <reporter-output>
  </reporter-output>
  <suite started-at="2025-08-21T08:30:32 IST" name="Default suite" finished-at="2025-08-21T08:30:41 IST" duration-ms="8785">
    <groups>
    </groups>
    <test started-at="2025-08-21T08:30:32 IST" name="Default test" finished-at="2025-08-21T08:30:41 IST" duration-ms="8785">
      <class name="org.scripts.NavinAutomnDemo.ValidLogin">
        <test-method is-config="true" signature="openingApp()[pri:0, instance:org.scripts.NavinAutomnDemo.ValidLogin@4562e04d]" started-at="2025-08-21T08:30:32 IST" name="openingApp" finished-at="2025-08-21T08:30:39 IST" duration-ms="6125" status="PASS">
          <reporter-output>
          </reporter-output>
        </test-method> <!-- openingApp -->
        <test-method signature="verifySwagLabValidLogin()[pri:0, instance:org.scripts.NavinAutomnDemo.ValidLogin@4562e04d]" started-at="2025-08-21T08:30:39 IST" name="verifySwagLabValidLogin" finished-at="2025-08-21T08:30:41 IST" duration-ms="2243" status="PASS">
          <reporter-output>
          </reporter-output>
        </test-method> <!-- verifySwagLabValidLogin -->
        <test-method is-config="true" signature="closeApp()[pri:0, instance:org.scripts.NavinAutomnDemo.ValidLogin@4562e04d]" started-at="2025-08-21T08:30:41 IST" name="closeApp" finished-at="2025-08-21T08:30:41 IST" duration-ms="284" status="PASS">
          <reporter-output>
          </reporter-output>
        </test-method> <!-- closeApp -->
      </class> <!-- org.scripts.NavinAutomnDemo.ValidLogin -->
    </test> <!-- Default test -->
  </suite> <!-- Default suite -->
</testng-results>
